<?xml version="1.0" encoding="UTF-8"?>
<!-- Generated by org.testng.reporters.JUnitReportReporter -->
<testsuite skipped="0" hostname="Jayarees-MacBook-Pro.local" name="Stepdef.Popbitch_register_First_Use_notice" tests="8" failures="0" timestamp="12 Aug 2019 09:44:54 GMT" time="160.878" errors="0">
  <testcase name="i_am_not_a_user_of_Agate_I_open_a_browser" time="2.169" classname="Stepdef.Popbitch_register_First_Use_notice"/>
  <testcase name="i_navigate_to_popbitch_com_from_the_browser" time="5.702" classname="Stepdef.Popbitch_register_First_Use_notice"/>
  <testcase name="i_click_on_the_create_agate_wallet_from_the_first_use_notice" time="11.171" classname="Stepdef.Popbitch_register_First_Use_notice"/>
  <testcase name="i_verify_that_the_create_wallet_button_navigates_me_to_the_sign_up_page" time="32.864" classname="Stepdef.Popbitch_register_First_Use_notice"/>
  <testcase name="i_enter_the_correct_details_and_hit_the_Register_button" time="41.363" classname="Stepdef.Popbitch_register_First_Use_notice"/>
  <testcase name="i_login_successfully" time="5.025" classname="Stepdef.Popbitch_register_First_Use_notice"/>
  <testcase name="finish_Notice_appears" time="24.643" classname="Stepdef.Popbitch_register_First_Use_notice"/>
  <testcase name="finish_notice_elements_are_displayed" time="37.941" classname="Stepdef.Popbitch_register_First_Use_notice"/>
</testsuite> <!-- Stepdef.Popbitch_register_First_Use_notice -->
